Using pre-set license
Built from '2020.3/staging' branch; Version is '2020.3.23f1 (c5d91304a876) revision 12966163'; Using compiler version '192528614'; Build Type 'Release'
OS: 'Windows 10 Pro; OS build 19042.1415; Version 2009; 64bit' Language: 'pt' Physical Memory: 32750 MB
BatchMode: 1, IsHumanControllingUs: 0, StartBugReporterOnCrash: 0, Is64bit: 1, IsPro: 0

COMMAND LINE ARGUMENTS:
C:\Program Files\Unity\Hub\Editor\2020.3.23f1\Editor\Unity.exe
-adb2
-batchMode
-noUpm
-name
AssetImportWorker0
-projectPath
D:/Users/NIUAN/Documents/Unity/Projetos/Endless Runner/Endless Runner Tutorial
-logFile
Logs/AssetImportWorker0.log
-srvPort
63763
Successfully changed project path to: D:/Users/NIUAN/Documents/Unity/Projetos/Endless Runner/Endless Runner Tutorial
D:/Users/NIUAN/Documents/Unity/Projetos/Endless Runner/Endless Runner Tutorial
Using Asset Import Pipeline V2.
Refreshing native plugins compatible for Editor in 98.93 ms, found 2 plugins.
Preloading 0 native plugins for Editor in 0.00 ms.
Initialize engine version: 2020.3.23f1 (c5d91304a876)
[Subsystems] Discovering subsystems at path C:/Program Files/Unity/Hub/Editor/2020.3.23f1/Editor/Data/Resources/UnitySubsystems
[Subsystems] Discovering subsystems at path D:/Users/NIUAN/Documents/Unity/Projetos/Endless Runner/Endless Runner Tutorial/Assets
GfxDevice: creating device client; threaded=0
Direct3D:
    Version:  Direct3D 11.0 [level 11.1]
    Renderer: NVIDIA GeForce GTX 1050 (ID=0x1c81)
    Vendor:   
    VRAM:     1977 MB
    Driver:   30.0.14.7247
Initialize mono
Mono path[0] = 'C:/Program Files/Unity/Hub/Editor/2020.3.23f1/Editor/Data/Managed'
Mono path[1] = 'C:/Program Files/Unity/Hub/Editor/2020.3.23f1/Editor/Data/MonoBleedingEdge/lib/mono/unityjit'
Mono config path = 'C:/Program Files/Unity/Hub/Editor/2020.3.23f1/Editor/Data/MonoBleedingEdge/etc'
Using monoOptions --debugger-agent=transport=dt_socket,embedding=1,server=y,suspend=n,address=127.0.0.1:56824
Begin MonoManager ReloadAssembly
Registering precompiled unity dll's ...
Register platform support module: C:/Program Files/Unity/Hub/Editor/2020.3.23f1/Editor/Data/PlaybackEngines/WindowsStandaloneSupport/UnityEditor.WindowsStandalone.Extensions.dll
Registered in 0.006654 seconds.
Native extension for WindowsStandalone target not found
Refreshing native plugins compatible for Editor in 101.02 ms, found 2 plugins.
Preloading 0 native plugins for Editor in 0.00 ms.
Mono: successfully reloaded assembly
- Completed reload, in  1.615 seconds
Domain Reload Profiling:
	ReloadAssembly (1616ms)
		BeginReloadAssembly (137ms)
			ExecutionOrderSort (0ms)
			DisableScriptedObjects (0ms)
			BackupInstance (0ms)
			ReleaseScriptingObjects (0ms)
			CreateAndSetChildDomain (4ms)
		EndReloadAssembly (1263ms)
			LoadAssemblies (130ms)
			RebuildTransferFunctionScriptingTraits (0ms)
			SetupTypeCache (540ms)
			ReleaseScriptCaches (0ms)
			RebuildScriptCaches (78ms)
			SetupLoadedEditorAssemblies (385ms)
				LogAssemblyErrors (0ms)
				InitializePlatformSupportModulesInManaged (13ms)
				SetLoadedEditorAssemblies (0ms)
				RefreshPlugins (101ms)
				BeforeProcessingInitializeOnLoad (20ms)
				ProcessInitializeOnLoadAttributes (187ms)
				ProcessInitializeOnLoadMethodAttributes (62ms)
				AfterProcessingInitializeOnLoad (0ms)
				EditorAssembliesLoaded (1ms)
			ExecutionOrderSort2 (0ms)
			AwakeInstancesAfterBackupRestoration (0ms)
Platform modules already initialized, skipping
Registering precompiled user dll's ...
Registered in 0.044480 seconds.
Begin MonoManager ReloadAssembly
Native extension for WindowsStandalone target not found
Refreshing native plugins compatible for Editor in 1.36 ms, found 2 plugins.
Preloading 0 native plugins for Editor in 0.00 ms.
Mono: successfully reloaded assembly
- Completed reload, in  4.788 seconds
Domain Reload Profiling:
	ReloadAssembly (4791ms)
		BeginReloadAssembly (377ms)
			ExecutionOrderSort (0ms)
			DisableScriptedObjects (21ms)
			BackupInstance (0ms)
			ReleaseScriptingObjects (0ms)
			CreateAndSetChildDomain (47ms)
		EndReloadAssembly (4238ms)
			LoadAssemblies (216ms)
			RebuildTransferFunctionScriptingTraits (0ms)
			SetupTypeCache (1610ms)
			ReleaseScriptCaches (2ms)
			RebuildScriptCaches (223ms)
			SetupLoadedEditorAssemblies (1609ms)
				LogAssemblyErrors (0ms)
				InitializePlatformSupportModulesInManaged (21ms)
				SetLoadedEditorAssemblies (3ms)
				RefreshPlugins (2ms)
				BeforeProcessingInitializeOnLoad (352ms)
				ProcessInitializeOnLoadAttributes (1139ms)
				ProcessInitializeOnLoadMethodAttributes (49ms)
				AfterProcessingInitializeOnLoad (43ms)
				EditorAssembliesLoaded (1ms)
			ExecutionOrderSort2 (0ms)
			AwakeInstancesAfterBackupRestoration (37ms)
Platform modules already initialized, skipping
========================================================================
Worker process is ready to serve import requests
Launched and connected shader compiler UnityShaderCompiler.exe after 0.49 seconds
Refreshing native plugins compatible for Editor in 1.20 ms, found 2 plugins.
Preloading 0 native plugins for Editor in 0.00 ms.
Unloading 1508 Unused Serialized files (Serialized files now loaded: 0)
System memory in use before: 69.8 MB.
System memory in use after: 69.9 MB.

Unloading 19 unused Assets to reduce memory usage. Loaded Objects now: 1939.
Total: 19.983000 ms (FindLiveObjects: 0.620500 ms CreateObjectMapping: 0.234500 ms MarkObjects: 18.877600 ms  DeleteObjects: 0.246000 ms)

AssetImportParameters requested are different than current active one (requested -> active):
  custom:framework-win-MediaFoundation: 216162199b28c13a410421893ffa2e32 -> 
  custom:video-decoder-ogg-theora: a1e56fd34408186e4bbccfd4996cb3dc -> 
  custom:container-muxer-webm: aa71ff27fc2769a1b78a27578f13a17b -> 
  custom:container-demuxer-webm: 4f35f7cbe854078d1ac9338744f61a02 -> 
  custom:container-demuxer-ogg: 62fdf1f143b41e24485cea50d1cbac27 -> 
  custom:video-encoder-webm-vp8: eb34c28f22e8b96e1ab97ce403110664 -> 
  custom:video-decoder-webm-vp8: 9c59270c3fd7afecdb556c50c9e8de78 -> 
  custom:audio-decoder-ogg-vorbis: bf7c407c2cedff20999df2af8eb42d56 -> 
  custom:audio-encoder-webm-vorbis: bf7c407c2cedff20999df2af8eb42d56 -> 
========================================================================
Received Import Request.
  path: Assets/UI/StoreIcon.png
  artifactKey: Guid(15faec96c86a9c3478ca147ec0bd579a) Importer(815301076,1909f56bfc062723c751e8b465ee728b)
Start importing Assets/UI/StoreIcon.png using Guid(15faec96c86a9c3478ca147ec0bd579a) Importer(815301076,1909f56bfc062723c751e8b465ee728b)  -> (artifact id: '85895ee5e7d3b3f4024cdbf450925554') in 0.520137 seconds 
  Import took 0.540651 seconds .

========================================================================
Received Import Request.
  Time since last request: 117.306509 seconds.
  path: Assets/Bundles/Themes
  artifactKey: Guid(f201f16fd1114874b98700243be90553) Importer(815301076,1909f56bfc062723c751e8b465ee728b)
Start importing Assets/Bundles/Themes using Guid(f201f16fd1114874b98700243be90553) Importer(815301076,1909f56bfc062723c751e8b465ee728b)  -> (artifact id: '140dfcbbd049ce6ef08ef4666e04d6bd') in 0.015783 seconds 
  Import took 0.019239 seconds .

========================================================================
Received Import Request.
  Time since last request: 0.776724 seconds.
  path: Assets/Bundles/Themes/Default
  artifactKey: Guid(9df1e27a32773a846966d4d58a977175) Importer(815301076,1909f56bfc062723c751e8b465ee728b)
Start importing Assets/Bundles/Themes/Default using Guid(9df1e27a32773a846966d4d58a977175) Importer(815301076,1909f56bfc062723c751e8b465ee728b)  -> (artifact id: '15fafd6e433857a3b43026144e9c3236') in 0.047667 seconds 
  Import took 0.051273 seconds .

========================================================================
Received Import Request.
  Time since last request: 0.024103 seconds.
  path: Assets/Bundles/Themes/Default/themeData.asset
  artifactKey: Guid(0d80a5ee0a199154784a904ed88da003) Importer(815301076,1909f56bfc062723c751e8b465ee728b)
Start importing Assets/Bundles/Themes/Default/themeData.asset using Guid(0d80a5ee0a199154784a904ed88da003) Importer(815301076,1909f56bfc062723c751e8b465ee728b)  -> (artifact id: '74d42f6cc4879134d62e5c9079d4147d') in 0.022948 seconds 
  Import took 0.026333 seconds .

========================================================================
Received Import Request.
  Time since last request: 6.599858 seconds.
  path: Assets/Bundles/Themes/Default/Industrial
  artifactKey: Guid(aa6f0e96a37135d48a40d6821865feda) Importer(815301076,1909f56bfc062723c751e8b465ee728b)
Start importing Assets/Bundles/Themes/Default/Industrial using Guid(aa6f0e96a37135d48a40d6821865feda) Importer(815301076,1909f56bfc062723c751e8b465ee728b)  -> (artifact id: '7f2fdf17c811e33e93a0f59cb5ab9572') in 0.015021 seconds 
  Import took 0.018170 seconds .

========================================================================
Received Import Request.
  Time since last request: 1.812834 seconds.
  path: Assets/Bundles/Themes/Default/Industrial/IndustrialWarehouse01.prefab
  artifactKey: Guid(2d4807022e73aa34ab8f01892dbdfe1d) Importer(815301076,1909f56bfc062723c751e8b465ee728b)
Start importing Assets/Bundles/Themes/Default/Industrial/IndustrialWarehouse01.prefab using Guid(2d4807022e73aa34ab8f01892dbdfe1d) Importer(815301076,1909f56bfc062723c751e8b465ee728b)  -> (artifact id: 'a4a05f80ce47444dfae6a23a7a128102') in 0.724346 seconds 
  Import took 0.728145 seconds .

========================================================================
Received Import Request.
  Time since last request: 0.000274 seconds.
  path: Assets/Bundles/Themes/Default/Industrial/IndustrialWarehouse03.prefab
  artifactKey: Guid(9e0040302c7a83c4d8e1ddf3979d6979) Importer(815301076,1909f56bfc062723c751e8b465ee728b)
Start importing Assets/Bundles/Themes/Default/Industrial/IndustrialWarehouse03.prefab using Guid(9e0040302c7a83c4d8e1ddf3979d6979) Importer(815301076,1909f56bfc062723c751e8b465ee728b)  -> (artifact id: '2170c88808f50edb54bb55a1d421e489') in 0.843226 seconds 
  Import took 0.847731 seconds .

========================================================================
Received Import Request.
  Time since last request: 0.000247 seconds.
  path: Assets/Bundles/Themes/Default/Industrial/IndustrialWarehouse02.prefab
  artifactKey: Guid(81bf7d820e3d0554e9ea968eeba33052) Importer(815301076,1909f56bfc062723c751e8b465ee728b)
Start importing Assets/Bundles/Themes/Default/Industrial/IndustrialWarehouse02.prefab using Guid(81bf7d820e3d0554e9ea968eeba33052) Importer(815301076,1909f56bfc062723c751e8b465ee728b)  -> (artifact id: 'a262178f9fc8d03283959e67b948aeca') in 0.250331 seconds 
  Import took 0.254260 seconds .

========================================================================
Received Import Request.
  Time since last request: 140.867729 seconds.
  path: Assets/Bundles/Themes/Default/Suburbs
  artifactKey: Guid(18779398815228c4ab638e64c5482b51) Importer(815301076,1909f56bfc062723c751e8b465ee728b)
Start importing Assets/Bundles/Themes/Default/Suburbs using Guid(18779398815228c4ab638e64c5482b51) Importer(815301076,1909f56bfc062723c751e8b465ee728b)  -> (artifact id: '9076ba17d0b0693299250d91d23e1a08') in 0.012986 seconds 
  Import took 0.016715 seconds .

========================================================================
Received Import Request.
  Time since last request: 0.060110 seconds.
  path: Assets/Bundles/Themes/Default/Suburbs/SuburbsGarage01.prefab
  artifactKey: Guid(dcbeb2ef97131d241b111f35d4788477) Importer(815301076,1909f56bfc062723c751e8b465ee728b)
Start importing Assets/Bundles/Themes/Default/Suburbs/SuburbsGarage01.prefab using Guid(dcbeb2ef97131d241b111f35d4788477) Importer(815301076,1909f56bfc062723c751e8b465ee728b)  -> (artifact id: 'b573ec705f1cdef928f7e001f5828bc6') in 0.600234 seconds 
  Import took 0.604852 seconds .

========================================================================
Received Import Request.
  Time since last request: 0.000295 seconds.
  path: Assets/Bundles/Themes/Default/Suburbs/SuburbsHouse01.prefab
  artifactKey: Guid(efcbfaf146228ad40ae6c878d7806d64) Importer(815301076,1909f56bfc062723c751e8b465ee728b)
Start importing Assets/Bundles/Themes/Default/Suburbs/SuburbsHouse01.prefab using Guid(efcbfaf146228ad40ae6c878d7806d64) Importer(815301076,1909f56bfc062723c751e8b465ee728b)  -> (artifact id: '6cd25865f406abb2448dcd815e624b25') in 0.263761 seconds 
  Import took 0.267387 seconds .

========================================================================
Received Import Request.
  Time since last request: 0.000371 seconds.
  path: Assets/Bundles/Themes/Default/Suburbs/SuburbsHouse03.prefab
  artifactKey: Guid(544006c54b323e9419926850d7e3fbac) Importer(815301076,1909f56bfc062723c751e8b465ee728b)
Start importing Assets/Bundles/Themes/Default/Suburbs/SuburbsHouse03.prefab using Guid(544006c54b323e9419926850d7e3fbac) Importer(815301076,1909f56bfc062723c751e8b465ee728b)  -> (artifact id: '038e344815a573404af3370013780be7') in 0.167002 seconds 
  Import took 0.170897 seconds .

========================================================================
Received Import Request.
  Time since last request: 0.000301 seconds.
  path: Assets/Bundles/Themes/Default/Suburbs/SuburbsHouse02.prefab
  artifactKey: Guid(5d6fcbaf51bca6b4594f12ca78b10a69) Importer(815301076,1909f56bfc062723c751e8b465ee728b)
Start importing Assets/Bundles/Themes/Default/Suburbs/SuburbsHouse02.prefab using Guid(5d6fcbaf51bca6b4594f12ca78b10a69) Importer(815301076,1909f56bfc062723c751e8b465ee728b)  -> (artifact id: '4fd4cb5ab8030213e8d57a574f996d40') in 0.126867 seconds 
  Import took 0.130650 seconds .

========================================================================
Received Import Request.
  Time since last request: 115.683581 seconds.
  path: Assets/Bundles/Themes/Default/Urban
  artifactKey: Guid(1094dfec7b4011442b3be72a5e20bf45) Importer(815301076,1909f56bfc062723c751e8b465ee728b)
Start importing Assets/Bundles/Themes/Default/Urban using Guid(1094dfec7b4011442b3be72a5e20bf45) Importer(815301076,1909f56bfc062723c751e8b465ee728b)  -> (artifact id: 'ca55d0d851cae641e4c59fa8ae4d8a68') in 0.011926 seconds 
  Import took 0.015526 seconds .

========================================================================
Received Import Request.
  Time since last request: 0.048804 seconds.
  path: Assets/Bundles/Themes/Default/Urban/UrbanBrickWalls01.prefab
  artifactKey: Guid(2f8abb5887b4af046b2f7fe9190c9d1d) Importer(815301076,1909f56bfc062723c751e8b465ee728b)
Start importing Assets/Bundles/Themes/Default/Urban/UrbanBrickWalls01.prefab using Guid(2f8abb5887b4af046b2f7fe9190c9d1d) Importer(815301076,1909f56bfc062723c751e8b465ee728b)  -> (artifact id: '9308875a3513dc0e27585d443ca5f6d1') in 0.293416 seconds 
  Import took 0.297464 seconds .

========================================================================
Received Import Request.
  Time since last request: 0.000336 seconds.
  path: Assets/Bundles/Themes/Default/Urban/UrbanBuilding04.prefab
  artifactKey: Guid(adb7c187800cf1d4697c2ec26f0a4bd1) Importer(815301076,1909f56bfc062723c751e8b465ee728b)
Start importing Assets/Bundles/Themes/Default/Urban/UrbanBuilding04.prefab using Guid(adb7c187800cf1d4697c2ec26f0a4bd1) Importer(815301076,1909f56bfc062723c751e8b465ee728b)  -> (artifact id: '750143ff2d076dab420a1575b72e47dd') in 0.319548 seconds 
  Import took 0.323714 seconds .

========================================================================
Received Import Request.
  Time since last request: 0.000246 seconds.
  path: Assets/Bundles/Themes/Default/Urban/UrbanPlasterWalls03.prefab
  artifactKey: Guid(6d998870eb4591747a98ab06751e0227) Importer(815301076,1909f56bfc062723c751e8b465ee728b)
Start importing Assets/Bundles/Themes/Default/Urban/UrbanPlasterWalls03.prefab using Guid(6d998870eb4591747a98ab06751e0227) Importer(815301076,1909f56bfc062723c751e8b465ee728b)  -> (artifact id: 'e2fda7891b06d75f5ceb2c65e2f61b70') in 0.108931 seconds 
  Import took 0.112809 seconds .

========================================================================
Received Import Request.
  Time since last request: 0.000440 seconds.
  path: Assets/Bundles/Themes/Default/Urban/UrbanRoadTSection.prefab
  artifactKey: Guid(747e617dac045eb4f9fa9978b75bb475) Importer(815301076,1909f56bfc062723c751e8b465ee728b)
Start importing Assets/Bundles/Themes/Default/Urban/UrbanRoadTSection.prefab using Guid(747e617dac045eb4f9fa9978b75bb475) Importer(815301076,1909f56bfc062723c751e8b465ee728b)  -> (artifact id: '07a7e702b1097c395a132e669f309b0a') in 0.212590 seconds 
  Import took 0.217107 seconds .

========================================================================
Received Import Request.
  Time since last request: 0.000304 seconds.
  path: Assets/Bundles/Themes/Default/Urban/UrbanDumpsters02.prefab
  artifactKey: Guid(65d6a8c569ebabb48aa95414228089bc) Importer(815301076,1909f56bfc062723c751e8b465ee728b)
Start importing Assets/Bundles/Themes/Default/Urban/UrbanDumpsters02.prefab using Guid(65d6a8c569ebabb48aa95414228089bc) Importer(815301076,1909f56bfc062723c751e8b465ee728b)  -> (artifact id: '67018416de746ec5081655b00e32350d') in 0.165708 seconds 
  Import took 0.169545 seconds .

========================================================================
Received Import Request.
  Time since last request: 0.000254 seconds.
  path: Assets/Bundles/Themes/Default/Urban/UrbanBrickWalls03.prefab
  artifactKey: Guid(627ea187cfa7b524482f0725ce9ffafe) Importer(815301076,1909f56bfc062723c751e8b465ee728b)
Start importing Assets/Bundles/Themes/Default/Urban/UrbanBrickWalls03.prefab using Guid(627ea187cfa7b524482f0725ce9ffafe) Importer(815301076,1909f56bfc062723c751e8b465ee728b)  -> (artifact id: '01b3d43bae8c257bde799819b3a095d6') in 0.068931 seconds 
  Import took 0.072530 seconds .

========================================================================
Received Import Request.
  Time since last request: 0.000238 seconds.
  path: Assets/Bundles/Themes/Default/Urban/UrbanPlasterWalls02.prefab
  artifactKey: Guid(423b9549e9d84034aac50ab7e0459e77) Importer(815301076,1909f56bfc062723c751e8b465ee728b)
Start importing Assets/Bundles/Themes/Default/Urban/UrbanPlasterWalls02.prefab using Guid(423b9549e9d84034aac50ab7e0459e77) Importer(815301076,1909f56bfc062723c751e8b465ee728b)  -> (artifact id: '7a81ea9756af81101e63fc414e05283e') in 0.052862 seconds 
  Import took 0.056699 seconds .

========================================================================
Received Import Request.
  Time since last request: 0.000281 seconds.
  path: Assets/Bundles/Themes/Default/Urban/UrbanRoadIntersection.prefab
  artifactKey: Guid(9f0db6c5e9d5e3e4d9c0f51362e59d00) Importer(815301076,1909f56bfc062723c751e8b465ee728b)
Start importing Assets/Bundles/Themes/Default/Urban/UrbanRoadIntersection.prefab using Guid(9f0db6c5e9d5e3e4d9c0f51362e59d00) Importer(815301076,1909f56bfc062723c751e8b465ee728b)  -> (artifact id: 'fc18e4130887a92efbbdd4ed17c65752') in 0.202662 seconds 
  Import took 0.206630 seconds .

========================================================================
Received Import Request.
  Time since last request: 0.000314 seconds.
  path: Assets/Bundles/Themes/Default/Urban/UrbanBuilding01.prefab
  artifactKey: Guid(03576c724d3dcac4690f6ede40e47639) Importer(815301076,1909f56bfc062723c751e8b465ee728b)
Start importing Assets/Bundles/Themes/Default/Urban/UrbanBuilding01.prefab using Guid(03576c724d3dcac4690f6ede40e47639) Importer(815301076,1909f56bfc062723c751e8b465ee728b)  -> (artifact id: '150511d251df93b439b4a04297c8d26d') in 0.074380 seconds 
  Import took 0.078013 seconds .

========================================================================
Received Import Request.
  Time since last request: 0.000296 seconds.
  path: Assets/Bundles/Themes/Default/Urban/UrbanBuilding02.prefab
  artifactKey: Guid(391abdb78f486ff4abd13845846e0f05) Importer(815301076,1909f56bfc062723c751e8b465ee728b)
Start importing Assets/Bundles/Themes/Default/Urban/UrbanBuilding02.prefab using Guid(391abdb78f486ff4abd13845846e0f05) Importer(815301076,1909f56bfc062723c751e8b465ee728b)  -> (artifact id: '1b05d7e6a751b5f7dde71209e72c1de4') in 0.054317 seconds 
  Import took 0.058097 seconds .

========================================================================
Received Import Request.
  Time since last request: 0.000328 seconds.
  path: Assets/Bundles/Themes/Default/Urban/UrbanBrickWalls02.prefab
  artifactKey: Guid(0e145376c7d52444b97856849e2a7bd2) Importer(815301076,1909f56bfc062723c751e8b465ee728b)
Start importing Assets/Bundles/Themes/Default/Urban/UrbanBrickWalls02.prefab using Guid(0e145376c7d52444b97856849e2a7bd2) Importer(815301076,1909f56bfc062723c751e8b465ee728b)  -> (artifact id: '73413e0a268389839d3b09bda8fb02f1') in 0.042546 seconds 
  Import took 0.046218 seconds .

========================================================================
Received Import Request.
  Time since last request: 0.000337 seconds.
  path: Assets/Bundles/Themes/Default/Urban/UrbanPlasterWalls01.prefab
  artifactKey: Guid(01466a005c28535479de3c39b3304e3f) Importer(815301076,1909f56bfc062723c751e8b465ee728b)
Start importing Assets/Bundles/Themes/Default/Urban/UrbanPlasterWalls01.prefab using Guid(01466a005c28535479de3c39b3304e3f) Importer(815301076,1909f56bfc062723c751e8b465ee728b)  -> (artifact id: '6f768d9ff6c73c7e0b0c00d1f949379d') in 0.051762 seconds 
  Import took 0.055731 seconds .

========================================================================
Received Import Request.
  Time since last request: 0.000265 seconds.
  path: Assets/Bundles/Themes/Default/Urban/UrbanBuilding03.prefab
  artifactKey: Guid(9b7ee2db83af4fe4da3b2af7d258d635) Importer(815301076,1909f56bfc062723c751e8b465ee728b)
Start importing Assets/Bundles/Themes/Default/Urban/UrbanBuilding03.prefab using Guid(9b7ee2db83af4fe4da3b2af7d258d635) Importer(815301076,1909f56bfc062723c751e8b465ee728b)  -> (artifact id: '60c31d09fa184f1850f942936f5c61f4') in 0.183894 seconds 
  Import took 0.188283 seconds .

========================================================================
Received Import Request.
  Time since last request: 0.000292 seconds.
  path: Assets/Bundles/Themes/Default/Urban/UrbanDumpsters01.prefab
  artifactKey: Guid(3a5b1ed81a7bde440aa6d2317adcd689) Importer(815301076,1909f56bfc062723c751e8b465ee728b)
Start importing Assets/Bundles/Themes/Default/Urban/UrbanDumpsters01.prefab using Guid(3a5b1ed81a7bde440aa6d2317adcd689) Importer(815301076,1909f56bfc062723c751e8b465ee728b)  -> (artifact id: '10e456bd7922db098124199bc70c5fce') in 0.054615 seconds 
  Import took 0.058402 seconds .

========================================================================
Received Import Request.
  Time since last request: 331.875020 seconds.
  path: Assets/Bundles/Themes/Default/Obstacles
  artifactKey: Guid(5fd158de19c3ee945a873dce73fd0616) Importer(815301076,1909f56bfc062723c751e8b465ee728b)
Start importing Assets/Bundles/Themes/Default/Obstacles using Guid(5fd158de19c3ee945a873dce73fd0616) Importer(815301076,1909f56bfc062723c751e8b465ee728b)  -> (artifact id: '824941faebd34a4f470519abb174e96d') in 0.012776 seconds 
  Import took 0.016638 seconds .

========================================================================
Received Import Request.
  Time since last request: 0.068290 seconds.
  path: Assets/Bundles/Themes/Default/Obstacles/ObstacleBin.prefab
  artifactKey: Guid(22facfbe232a90b45b681c638f2e490d) Importer(815301076,1909f56bfc062723c751e8b465ee728b)
Start importing Assets/Bundles/Themes/Default/Obstacles/ObstacleBin.prefab using Guid(22facfbe232a90b45b681c638f2e490d) Importer(815301076,1909f56bfc062723c751e8b465ee728b)  -> (artifact id: 'aa2b19b8dc465d602b8ecec7b02d859d') in 0.399082 seconds 
  Import took 0.402898 seconds .

========================================================================
Received Import Request.
  Time since last request: 0.000281 seconds.
  path: Assets/Bundles/Themes/Default/Obstacles/ObstacleHighBarrier.prefab
  artifactKey: Guid(b19a0bd8ede69fe4683dff84150a047b) Importer(815301076,1909f56bfc062723c751e8b465ee728b)
Start importing Assets/Bundles/Themes/Default/Obstacles/ObstacleHighBarrier.prefab using Guid(b19a0bd8ede69fe4683dff84150a047b) Importer(815301076,1909f56bfc062723c751e8b465ee728b)  -> (artifact id: 'e7d55730e9abd70751629b151bfbf479') in 0.167001 seconds 
  Import took 0.170524 seconds .

========================================================================
Received Import Request.
  Time since last request: 0.000341 seconds.
  path: Assets/Bundles/Themes/Default/Obstacles/ObstacleRoadworksBarrier.prefab
  artifactKey: Guid(82eb370d70e50344cb6eeb919a1429b8) Importer(815301076,1909f56bfc062723c751e8b465ee728b)
Start importing Assets/Bundles/Themes/Default/Obstacles/ObstacleRoadworksBarrier.prefab using Guid(82eb370d70e50344cb6eeb919a1429b8) Importer(815301076,1909f56bfc062723c751e8b465ee728b)  -> (artifact id: '1a69cb169e905f16bd1c735a4d57b5b7') in 0.097829 seconds 
  Import took 0.101288 seconds .

========================================================================
Received Import Request.
  Time since last request: 0.000420 seconds.
  path: Assets/Bundles/Themes/Default/Obstacles/ObstacleDog.prefab
  artifactKey: Guid(b718c14c1e836cc4a8ca91d61382c504) Importer(815301076,1909f56bfc062723c751e8b465ee728b)
Start importing Assets/Bundles/Themes/Default/Obstacles/ObstacleDog.prefab using Guid(b718c14c1e836cc4a8ca91d61382c504) Importer(815301076,1909f56bfc062723c751e8b465ee728b)  -> (artifact id: 'ed36db02f7b2900f5b1a5d1515cb4b5b') in 0.280130 seconds 
  Import took 0.283796 seconds .

========================================================================
Received Import Request.
  Time since last request: 0.000295 seconds.
  path: Assets/Bundles/Themes/Default/Obstacles/ObstacleRoadworksCone.prefab
  artifactKey: Guid(f0070c0f7d7cdcb4eb7176be4a87caa9) Importer(815301076,1909f56bfc062723c751e8b465ee728b)
Start importing Assets/Bundles/Themes/Default/Obstacles/ObstacleRoadworksCone.prefab using Guid(f0070c0f7d7cdcb4eb7176be4a87caa9) Importer(815301076,1909f56bfc062723c751e8b465ee728b)  -> (artifact id: '8bccb2ae9d397bc3566c98e4bfea926f') in 0.084693 seconds 
  Import took 0.088965 seconds .

========================================================================
Received Import Request.
  Time since last request: 0.000279 seconds.
  path: Assets/Bundles/Themes/Default/Obstacles/ObstacleRat.prefab
  artifactKey: Guid(ec0335ae7fd65b74898920e51d042abd) Importer(815301076,1909f56bfc062723c751e8b465ee728b)
Start importing Assets/Bundles/Themes/Default/Obstacles/ObstacleRat.prefab using Guid(ec0335ae7fd65b74898920e51d042abd) Importer(815301076,1909f56bfc062723c751e8b465ee728b)  -> (artifact id: '83ffdd73447cd2f4480d7580aaef596a') in 0.415497 seconds 
  Import took 0.419759 seconds .

========================================================================
Received Import Request.
  Time since last request: 0.000239 seconds.
  path: Assets/Bundles/Themes/Default/Obstacles/ObstacleLowBarrier.prefab
  artifactKey: Guid(d68ac797bf384f84bbca159dc2a6e4d7) Importer(815301076,1909f56bfc062723c751e8b465ee728b)
Start importing Assets/Bundles/Themes/Default/Obstacles/ObstacleLowBarrier.prefab using Guid(d68ac797bf384f84bbca159dc2a6e4d7) Importer(815301076,1909f56bfc062723c751e8b465ee728b)  -> (artifact id: '6265b16ffcfd18d676935f8a1968147e') in 0.173293 seconds 
  Import took 0.176675 seconds .

========================================================================
Received Import Request.
  Time since last request: 0.000305 seconds.
  path: Assets/Bundles/Themes/Default/Obstacles/ObstacleWheelyBin.prefab
  artifactKey: Guid(d9056217b765e1b4893238b9e7ebddbc) Importer(815301076,1909f56bfc062723c751e8b465ee728b)
Start importing Assets/Bundles/Themes/Default/Obstacles/ObstacleWheelyBin.prefab using Guid(d9056217b765e1b4893238b9e7ebddbc) Importer(815301076,1909f56bfc062723c751e8b465ee728b)  -> (artifact id: '3e9507cb127e6b1489efff3f7743f107') in 0.079667 seconds 
  Import took 0.083658 seconds .

========================================================================
Received Import Request.
  Time since last request: 54.125111 seconds.
  path: Assets/Bundles/Themes/Default/Obstacles/ObstacleBin.prefab
  artifactKey: Guid(22facfbe232a90b45b681c638f2e490d) Importer(815301076,1909f56bfc062723c751e8b465ee728b)
Start importing Assets/Bundles/Themes/Default/Obstacles/ObstacleBin.prefab using Guid(22facfbe232a90b45b681c638f2e490d) Importer(815301076,1909f56bfc062723c751e8b465ee728b)  -> (artifact id: 'c43d9612910110175cd441db117d9654') in 0.027475 seconds 
  Import took 0.031541 seconds .

========================================================================
Received Import Request.
  Time since last request: 16.061330 seconds.
  path: Assets/Bundles/Themes/Default/Obstacles/ObstacleHighBarrier.prefab
  artifactKey: Guid(b19a0bd8ede69fe4683dff84150a047b) Importer(815301076,1909f56bfc062723c751e8b465ee728b)
Start importing Assets/Bundles/Themes/Default/Obstacles/ObstacleHighBarrier.prefab using Guid(b19a0bd8ede69fe4683dff84150a047b) Importer(815301076,1909f56bfc062723c751e8b465ee728b)  -> (artifact id: '1b3ef907c12f81f78a3c83be2307bea7') in 0.020167 seconds 
  Import took 0.024327 seconds .

========================================================================
Received Import Request.
  Time since last request: 9.793086 seconds.
  path: Assets/Bundles/Themes/Default/Obstacles/ObstacleDog.prefab
  artifactKey: Guid(b718c14c1e836cc4a8ca91d61382c504) Importer(815301076,1909f56bfc062723c751e8b465ee728b)
Start importing Assets/Bundles/Themes/Default/Obstacles/ObstacleDog.prefab using Guid(b718c14c1e836cc4a8ca91d61382c504) Importer(815301076,1909f56bfc062723c751e8b465ee728b)  -> (artifact id: '95c5217ea24174358bae67aa6f2f0f3c') in 0.035972 seconds 
  Import took 0.040774 seconds .

========================================================================
Received Import Request.
  Time since last request: 10.665929 seconds.
  path: Assets/Bundles/Themes/Default/Obstacles/ObstacleLowBarrier.prefab
  artifactKey: Guid(d68ac797bf384f84bbca159dc2a6e4d7) Importer(815301076,1909f56bfc062723c751e8b465ee728b)
Start importing Assets/Bundles/Themes/Default/Obstacles/ObstacleLowBarrier.prefab using Guid(d68ac797bf384f84bbca159dc2a6e4d7) Importer(815301076,1909f56bfc062723c751e8b465ee728b)  -> (artifact id: 'dfb38e069c1af30e6c63a6c003c7d333') in 0.025456 seconds 
  Import took 0.030231 seconds .

========================================================================
Received Import Request.
  Time since last request: 11.052686 seconds.
  path: Assets/Bundles/Themes/Default/Obstacles/ObstacleRat.prefab
  artifactKey: Guid(ec0335ae7fd65b74898920e51d042abd) Importer(815301076,1909f56bfc062723c751e8b465ee728b)
Start importing Assets/Bundles/Themes/Default/Obstacles/ObstacleRat.prefab using Guid(ec0335ae7fd65b74898920e51d042abd) Importer(815301076,1909f56bfc062723c751e8b465ee728b)  -> (artifact id: '67e4ca7306108f0369897ebe3332a2e7') in 0.033670 seconds 
  Import took 0.037967 seconds .

========================================================================
Received Import Request.
  Time since last request: 8.580004 seconds.
  path: Assets/Bundles/Themes/Default/Obstacles/ObstacleRoadworksBarrier.prefab
  artifactKey: Guid(82eb370d70e50344cb6eeb919a1429b8) Importer(815301076,1909f56bfc062723c751e8b465ee728b)
Start importing Assets/Bundles/Themes/Default/Obstacles/ObstacleRoadworksBarrier.prefab using Guid(82eb370d70e50344cb6eeb919a1429b8) Importer(815301076,1909f56bfc062723c751e8b465ee728b)  -> (artifact id: '857133d4a00a5f3327b208bde2a0601b') in 0.023236 seconds 
  Import took 0.027945 seconds .

========================================================================
Received Import Request.
  Time since last request: 9.414020 seconds.
  path: Assets/Bundles/Themes/Default/Obstacles/ObstacleRoadworksCone.prefab
  artifactKey: Guid(f0070c0f7d7cdcb4eb7176be4a87caa9) Importer(815301076,1909f56bfc062723c751e8b465ee728b)
Start importing Assets/Bundles/Themes/Default/Obstacles/ObstacleRoadworksCone.prefab using Guid(f0070c0f7d7cdcb4eb7176be4a87caa9) Importer(815301076,1909f56bfc062723c751e8b465ee728b)  -> (artifact id: '69cb64a12c2996d4d73d4076a0b80163') in 0.016753 seconds 
  Import took 0.020570 seconds .

========================================================================
Received Import Request.
  Time since last request: 9.171684 seconds.
  path: Assets/Bundles/Themes/Default/Obstacles/ObstacleWheelyBin.prefab
  artifactKey: Guid(d9056217b765e1b4893238b9e7ebddbc) Importer(815301076,1909f56bfc062723c751e8b465ee728b)
Start importing Assets/Bundles/Themes/Default/Obstacles/ObstacleWheelyBin.prefab using Guid(d9056217b765e1b4893238b9e7ebddbc) Importer(815301076,1909f56bfc062723c751e8b465ee728b)  -> (artifact id: '8f9932abd35762163aa2f219c679f133') in 0.031863 seconds 
  Import took 0.036966 seconds .

========================================================================
Received Import Request.
  Time since last request: 100.412443 seconds.
  path: Assets/Scripts/Track.cs
  artifactKey: Guid(db22a7a93a724dc40874b649c3ee8f37) Importer(815301076,1909f56bfc062723c751e8b465ee728b)
Start importing Assets/Scripts/Track.cs using Guid(db22a7a93a724dc40874b649c3ee8f37) Importer(815301076,1909f56bfc062723c751e8b465ee728b)  -> (artifact id: '7e36d3b1e424fb36e16314a22573f9fd') in 0.043422 seconds 
  Import took 0.048051 seconds .

========================================================================
Received Prepare
Registering precompiled user dll's ...
Registered in 0.012757 seconds.
Begin MonoManager ReloadAssembly
Native extension for WindowsStandalone target not found
Refreshing native plugins compatible for Editor in 0.62 ms, found 2 plugins.
Preloading 0 native plugins for Editor in 0.00 ms.
Mono: successfully reloaded assembly
- Completed reload, in  1.714 seconds
Domain Reload Profiling:
	ReloadAssembly (1714ms)
		BeginReloadAssembly (177ms)
			ExecutionOrderSort (0ms)
			DisableScriptedObjects (7ms)
			BackupInstance (0ms)
			ReleaseScriptingObjects (0ms)
			CreateAndSetChildDomain (53ms)
		EndReloadAssembly (1415ms)
			LoadAssemblies (143ms)
			RebuildTransferFunctionScriptingTraits (0ms)
			SetupTypeCache (495ms)
			ReleaseScriptCaches (1ms)
			RebuildScriptCaches (75ms)
			SetupLoadedEditorAssemblies (509ms)
				LogAssemblyErrors (0ms)
				InitializePlatformSupportModulesInManaged (6ms)
				SetLoadedEditorAssemblies (1ms)
				RefreshPlugins (1ms)
				BeforeProcessingInitializeOnLoad (106ms)
				ProcessInitializeOnLoadAttributes (309ms)
				ProcessInitializeOnLoadMethodAttributes (61ms)
				AfterProcessingInitializeOnLoad (25ms)
				EditorAssembliesLoaded (1ms)
			ExecutionOrderSort2 (0ms)
			AwakeInstancesAfterBackupRestoration (18ms)
Platform modules already initialized, skipping
Switching build target platform(19) subTarget(0) extendedPlatform(0) -> platform(13) subTarget(589824) extendedPlatform(0)
Refreshing native plugins compatible for Editor in 0.62 ms, found 2 plugins.
Preloading 0 native plugins for Editor in 0.00 ms.
Unloading 1500 Unused Serialized files (Serialized files now loaded: 0)
System memory in use before: 72.5 MB.
System memory in use after: 72.6 MB.

Unloading 14 unused Assets to reduce memory usage. Loaded Objects now: 1951.
Total: 3.611700 ms (FindLiveObjects: 0.295900 ms CreateObjectMapping: 0.081800 ms MarkObjects: 3.208900 ms  DeleteObjects: 0.023500 ms)

AssetImportParameters requested are different than current active one (requested -> active):
  custom:framework-win-MediaFoundation: 216162199b28c13a410421893ffa2e32 -> 
  custom:video-decoder-ogg-theora: a1e56fd34408186e4bbccfd4996cb3dc -> 
  custom:container-muxer-webm: aa71ff27fc2769a1b78a27578f13a17b -> 
  custom:container-demuxer-webm: 4f35f7cbe854078d1ac9338744f61a02 -> 
  custom:container-demuxer-ogg: 62fdf1f143b41e24485cea50d1cbac27 -> 
  custom:video-encoder-webm-vp8: eb34c28f22e8b96e1ab97ce403110664 -> 
  custom:video-decoder-webm-vp8: 9c59270c3fd7afecdb556c50c9e8de78 -> 
  custom:graphics/normal-map-encoding: 01000000000000000000000000000000 -> 02000000000000000000000000000000
  custom:audio-decoder-ogg-vorbis: bf7c407c2cedff20999df2af8eb42d56 -> 
  custom:audio-encoder-webm-vorbis: bf7c407c2cedff20999df2af8eb42d56 -> 
========================================================================
Received Import Request.
  Time since last request: 414.982231 seconds.
  path: Assets/Scripts/Track.cs
  artifactKey: Guid(db22a7a93a724dc40874b649c3ee8f37) Importer(815301076,1909f56bfc062723c751e8b465ee728b)
Start importing Assets/Scripts/Track.cs using Guid(db22a7a93a724dc40874b649c3ee8f37) Importer(815301076,1909f56bfc062723c751e8b465ee728b)  -> (artifact id: '4e8e70a4820bb7a9b58cd4798b624a30') in 0.019806 seconds 
  Import took 0.023601 seconds .

========================================================================
Received Prepare
Registering precompiled user dll's ...
Registered in 0.014067 seconds.
Begin MonoManager ReloadAssembly
Native extension for WindowsStandalone target not found
Refreshing native plugins compatible for Editor in 0.64 ms, found 2 plugins.
Preloading 0 native plugins for Editor in 0.00 ms.
Mono: successfully reloaded assembly
- Completed reload, in  1.623 seconds
Domain Reload Profiling:
	ReloadAssembly (1624ms)
		BeginReloadAssembly (175ms)
			ExecutionOrderSort (0ms)
			DisableScriptedObjects (7ms)
			BackupInstance (0ms)
			ReleaseScriptingObjects (0ms)
			CreateAndSetChildDomain (47ms)
		EndReloadAssembly (1329ms)
			LoadAssemblies (139ms)
			RebuildTransferFunctionScriptingTraits (0ms)
			SetupTypeCache (487ms)
			ReleaseScriptCaches (1ms)
			RebuildScriptCaches (70ms)
			SetupLoadedEditorAssemblies (439ms)
				LogAssemblyErrors (0ms)
				InitializePlatformSupportModulesInManaged (6ms)
				SetLoadedEditorAssemblies (1ms)
				RefreshPlugins (1ms)
				BeforeProcessingInitializeOnLoad (101ms)
				ProcessInitializeOnLoadAttributes (300ms)
				ProcessInitializeOnLoadMethodAttributes (17ms)
				AfterProcessingInitializeOnLoad (14ms)
				EditorAssembliesLoaded (0ms)
			ExecutionOrderSort2 (0ms)
			AwakeInstancesAfterBackupRestoration (10ms)
Platform modules already initialized, skipping
Switching build target platform(19) subTarget(0) extendedPlatform(0) -> platform(13) subTarget(589824) extendedPlatform(0)
Refreshing native plugins compatible for Editor in 0.63 ms, found 2 plugins.
Preloading 0 native plugins for Editor in 0.00 ms.
Unloading 1500 Unused Serialized files (Serialized files now loaded: 0)
System memory in use before: 72.5 MB.
System memory in use after: 72.6 MB.

Unloading 14 unused Assets to reduce memory usage. Loaded Objects now: 1953.
Total: 3.500700 ms (FindLiveObjects: 0.301300 ms CreateObjectMapping: 0.079900 ms MarkObjects: 3.094300 ms  DeleteObjects: 0.023700 ms)

AssetImportParameters requested are different than current active one (requested -> active):
  custom:framework-win-MediaFoundation: 216162199b28c13a410421893ffa2e32 -> 
  custom:video-decoder-ogg-theora: a1e56fd34408186e4bbccfd4996cb3dc -> 
  custom:container-muxer-webm: aa71ff27fc2769a1b78a27578f13a17b -> 
  custom:container-demuxer-webm: 4f35f7cbe854078d1ac9338744f61a02 -> 
  custom:container-demuxer-ogg: 62fdf1f143b41e24485cea50d1cbac27 -> 
  custom:video-encoder-webm-vp8: eb34c28f22e8b96e1ab97ce403110664 -> 
  custom:video-decoder-webm-vp8: 9c59270c3fd7afecdb556c50c9e8de78 -> 
  custom:graphics/normal-map-encoding: 01000000000000000000000000000000 -> 02000000000000000000000000000000
  custom:audio-decoder-ogg-vorbis: bf7c407c2cedff20999df2af8eb42d56 -> 
  custom:audio-encoder-webm-vorbis: bf7c407c2cedff20999df2af8eb42d56 -> 
========================================================================
Received Prepare
Registering precompiled user dll's ...
Registered in 0.012986 seconds.
Begin MonoManager ReloadAssembly
Native extension for WindowsStandalone target not found
Refreshing native plugins compatible for Editor in 0.65 ms, found 2 plugins.
Preloading 0 native plugins for Editor in 0.00 ms.
Mono: successfully reloaded assembly
- Completed reload, in  1.673 seconds
Domain Reload Profiling:
	ReloadAssembly (1674ms)
		BeginReloadAssembly (158ms)
			ExecutionOrderSort (0ms)
			DisableScriptedObjects (8ms)
			BackupInstance (0ms)
			ReleaseScriptingObjects (0ms)
			CreateAndSetChildDomain (47ms)
		EndReloadAssembly (1388ms)
			LoadAssemblies (142ms)
			RebuildTransferFunctionScriptingTraits (0ms)
			SetupTypeCache (504ms)
			ReleaseScriptCaches (2ms)
			RebuildScriptCaches (79ms)
			SetupLoadedEditorAssemblies (455ms)
				LogAssemblyErrors (0ms)
				InitializePlatformSupportModulesInManaged (6ms)
				SetLoadedEditorAssemblies (1ms)
				RefreshPlugins (1ms)
				BeforeProcessingInitializeOnLoad (119ms)
				ProcessInitializeOnLoadAttributes (301ms)
				ProcessInitializeOnLoadMethodAttributes (13ms)
				AfterProcessingInitializeOnLoad (13ms)
				EditorAssembliesLoaded (0ms)
			ExecutionOrderSort2 (0ms)
			AwakeInstancesAfterBackupRestoration (10ms)
Platform modules already initialized, skipping
Switching build target platform(19) subTarget(0) extendedPlatform(0) -> platform(13) subTarget(589824) extendedPlatform(0)
Refreshing native plugins compatible for Editor in 0.66 ms, found 2 plugins.
Preloading 0 native plugins for Editor in 0.00 ms.
Unloading 1500 Unused Serialized files (Serialized files now loaded: 0)
System memory in use before: 72.5 MB.
System memory in use after: 72.6 MB.

Unloading 14 unused Assets to reduce memory usage. Loaded Objects now: 1955.
Total: 6.194900 ms (FindLiveObjects: 0.364800 ms CreateObjectMapping: 0.082400 ms MarkObjects: 5.689500 ms  DeleteObjects: 0.055900 ms)

AssetImportParameters requested are different than current active one (requested -> active):
  custom:framework-win-MediaFoundation: 216162199b28c13a410421893ffa2e32 -> 
  custom:video-decoder-ogg-theora: a1e56fd34408186e4bbccfd4996cb3dc -> 
  custom:container-muxer-webm: aa71ff27fc2769a1b78a27578f13a17b -> 
  custom:container-demuxer-webm: 4f35f7cbe854078d1ac9338744f61a02 -> 
  custom:container-demuxer-ogg: 62fdf1f143b41e24485cea50d1cbac27 -> 
  custom:video-encoder-webm-vp8: eb34c28f22e8b96e1ab97ce403110664 -> 
  custom:video-decoder-webm-vp8: 9c59270c3fd7afecdb556c50c9e8de78 -> 
  custom:graphics/normal-map-encoding: 01000000000000000000000000000000 -> 02000000000000000000000000000000
  custom:audio-decoder-ogg-vorbis: bf7c407c2cedff20999df2af8eb42d56 -> 
  custom:audio-encoder-webm-vorbis: bf7c407c2cedff20999df2af8eb42d56 -> 
========================================================================
Received Import Request.
  Time since last request: 974.501257 seconds.
  path: Assets/Bundles/Themes/Default/Sky
  artifactKey: Guid(638259c51b2fcf74088d9df6108126a5) Importer(815301076,1909f56bfc062723c751e8b465ee728b)
Start importing Assets/Bundles/Themes/Default/Sky using Guid(638259c51b2fcf74088d9df6108126a5) Importer(815301076,1909f56bfc062723c751e8b465ee728b)  -> (artifact id: '34e9b6855b821b8af883ce9d17d424e6') in 0.030420 seconds 
  Import took 0.036752 seconds .

========================================================================
Received Import Request.
  Time since last request: 0.035865 seconds.
  path: Assets/Bundles/Themes/Default/Sky/Cloud01.prefab
  artifactKey: Guid(1225524528f67794ead226c3401f6bd6) Importer(815301076,1909f56bfc062723c751e8b465ee728b)
Start importing Assets/Bundles/Themes/Default/Sky/Cloud01.prefab using Guid(1225524528f67794ead226c3401f6bd6) Importer(815301076,1909f56bfc062723c751e8b465ee728b)  -> (artifact id: '536387016c96b9640f3a13691af59b3b') in 0.360977 seconds 
  Import took 0.366089 seconds .

========================================================================
Received Import Request.
  Time since last request: 0.000244 seconds.
  path: Assets/Bundles/Themes/Default/Sky/Cloud03.prefab
  artifactKey: Guid(480053abe3ba0aa4883a1b63c0deee9d) Importer(815301076,1909f56bfc062723c751e8b465ee728b)
Start importing Assets/Bundles/Themes/Default/Sky/Cloud03.prefab using Guid(480053abe3ba0aa4883a1b63c0deee9d) Importer(815301076,1909f56bfc062723c751e8b465ee728b)  -> (artifact id: 'ae1a18795455e73c6b3ca4e84ed259ba') in 0.103998 seconds 
  Import took 0.107486 seconds .

========================================================================
Received Import Request.
  Time since last request: 0.000287 seconds.
  path: Assets/Bundles/Themes/Default/Sky/Cloud02.prefab
  artifactKey: Guid(e4217d014d522f94bb0a059a38e2cb14) Importer(815301076,1909f56bfc062723c751e8b465ee728b)
Start importing Assets/Bundles/Themes/Default/Sky/Cloud02.prefab using Guid(e4217d014d522f94bb0a059a38e2cb14) Importer(815301076,1909f56bfc062723c751e8b465ee728b)  -> (artifact id: '6ac9386e161584e21beb191c526d11a8') in 0.110513 seconds 
  Import took 0.114555 seconds .

========================================================================
Received Prepare
Registering precompiled user dll's ...
Registered in 0.067412 seconds.
Begin MonoManager ReloadAssembly
Native extension for WindowsStandalone target not found
Refreshing native plugins compatible for Editor in 1.30 ms, found 2 plugins.
Preloading 0 native plugins for Editor in 0.00 ms.
Mono: successfully reloaded assembly
- Completed reload, in  7.070 seconds
Domain Reload Profiling:
	ReloadAssembly (7071ms)
		BeginReloadAssembly (688ms)
			ExecutionOrderSort (0ms)
			DisableScriptedObjects (35ms)
			BackupInstance (0ms)
			ReleaseScriptingObjects (0ms)
			CreateAndSetChildDomain (179ms)
		EndReloadAssembly (5797ms)
			LoadAssemblies (651ms)
			RebuildTransferFunctionScriptingTraits (0ms)
			SetupTypeCache (2099ms)
			ReleaseScriptCaches (4ms)
			RebuildScriptCaches (323ms)
			SetupLoadedEditorAssemblies (1889ms)
				LogAssemblyErrors (0ms)
				InitializePlatformSupportModulesInManaged (24ms)
				SetLoadedEditorAssemblies (2ms)
				RefreshPlugins (2ms)
				BeforeProcessingInitializeOnLoad (429ms)
				ProcessInitializeOnLoadAttributes (1320ms)
				ProcessInitializeOnLoadMethodAttributes (58ms)
				AfterProcessingInitializeOnLoad (51ms)
				EditorAssembliesLoaded (1ms)
			ExecutionOrderSort2 (0ms)
			AwakeInstancesAfterBackupRestoration (45ms)
Platform modules already initialized, skipping
Switching build target platform(19) subTarget(0) extendedPlatform(0) -> platform(13) subTarget(589824) extendedPlatform(0)
Refreshing native plugins compatible for Editor in 0.76 ms, found 2 plugins.
Preloading 0 native plugins for Editor in 0.00 ms.
Unloading 1500 Unused Serialized files (Serialized files now loaded: 0)
System memory in use before: 72.5 MB.
System memory in use after: 72.6 MB.

Unloading 14 unused Assets to reduce memory usage. Loaded Objects now: 1958.
Total: 5.385000 ms (FindLiveObjects: 0.351400 ms CreateObjectMapping: 0.131300 ms MarkObjects: 4.873300 ms  DeleteObjects: 0.026900 ms)

AssetImportParameters requested are different than current active one (requested -> active):
  custom:framework-win-MediaFoundation: 216162199b28c13a410421893ffa2e32 -> 
  custom:video-decoder-ogg-theora: a1e56fd34408186e4bbccfd4996cb3dc -> 
  custom:container-muxer-webm: aa71ff27fc2769a1b78a27578f13a17b -> 
  custom:container-demuxer-webm: 4f35f7cbe854078d1ac9338744f61a02 -> 
  custom:container-demuxer-ogg: 62fdf1f143b41e24485cea50d1cbac27 -> 
  custom:video-encoder-webm-vp8: eb34c28f22e8b96e1ab97ce403110664 -> 
  custom:video-decoder-webm-vp8: 9c59270c3fd7afecdb556c50c9e8de78 -> 
  custom:graphics/normal-map-encoding: 01000000000000000000000000000000 -> 02000000000000000000000000000000
  custom:audio-decoder-ogg-vorbis: bf7c407c2cedff20999df2af8eb42d56 -> 
  custom:audio-encoder-webm-vorbis: bf7c407c2cedff20999df2af8eb42d56 -> 
AssetImportWorkerClient::OnTransportError - code=2 error=End of file
